Campo inválido! Informe novamente: ERRO: Já existe um registro com a chave primária: TCHA3108.
Campo inválido! Informe novamente: Campo inválido! Informe novamente: Registro não encontrado!
TCHA3108
Team Liquid
Cloud 9
31/08/2015
57:26
Cloud 9
19
09
Hai

SKFA2908
SK Telecom T1
KT Rolster
29/08/2015
30:25
SK Telecom T1
27
08
Faker

SKMA2908
SK Telecom T1
KT Rolster
29/08/2015
31:33
SK Telecom T1
15
06
MaRin

ELIM1608
Edward Gaming
LGD Gaming
16/08/2015
41:00
LGD Gaming
18
06
imp

LQIM2308
LGD Gaming
Qiao Gu
23/08/2015
32:31
LGD Gaming
21
02
imp

Registro não encontrado!
AHWE2607
ahq e-Sports Club
HongKong Esports
26/07/2015
39:09
ahq e-Sports Club
20
14
westdoor

ELIM1608
Edward Gaming
LGD Gaming
16/08/2015
41:00
LGD Gaming
18
06
imp

FTFE0705
Fnatic
Team SoloMid
07/05/2015
31:47
Fnatic
15
06
Febiven

JNCH0209
Jin Air Green Wings
NaJin e-mFire
02/09/2015
51:39
Jin Air Green Wings
08
03
Chei

LQIM2308
LGD Gaming
Qiao Gu
23/08/2015
32:31
LGD Gaming
21
02
imp

PIMY0808
PaiN Gaming
INTZ
08/08/2015
42:55
PaiN Gaming
10
07
Mylon

SEDE1005
SK Telecom T1
Edward Gaming
10/05/2015
37:38
Edward Gaming
09
25
Deft

SKFA2908
SK Telecom T1
KT Rolster
29/08/2015
30:25
SK Telecom T1
27
08
Faker

SKMA2908
SK Telecom T1
KT Rolster
29/08/2015
31:33
SK Telecom T1
15
06
MaRin

AHWE2607
ahq e-Sports Club
HongKong Esports
26/07/2015
39:09
ahq e-Sports Club
20
14
westdoor

SEDE1005
SK Telecom T1
Edward Gaming
10/05/2015
37:38
Edward Gaming
09
25
Deft

FTFE0705
Fnatic
Team SoloMid
07/05/2015
31:47
Fnatic
15
06
Febiven

JNCH0209
Jin Air Green Wings
NaJin e-mFire
02/09/2015
51:39
Jin Air Green Wings
08
03
Chei

ELIM1608
Edward Gaming
LGD Gaming
16/08/2015
41:00
LGD Gaming
18
06
imp

LQIM2308
LGD Gaming
Qiao Gu
23/08/2015
32:31
LGD Gaming
21
02
imp

PIMY0808
PaiN Gaming
INTZ
08/08/2015
42:55
PaiN Gaming
10
07
Mylon

SKFA2908
SK Telecom T1
KT Rolster
29/08/2015
30:25
SK Telecom T1
27
08
Faker

SKMA2908
SK Telecom T1
KT Rolster
29/08/2015
31:33
SK Telecom T1
15
06
MaRin

JNCH0209
Jin Air Green Wings
NaJin e-mFire
02/09/2015
51:39
Jin Air Green Wings
08
03
Chei

SEDE1005
SK Telecom T1
Edward Gaming
10/05/2015
37:38
Edward Gaming
09
25
Deft

SKFA2908
SK Telecom T1
KT Rolster
29/08/2015
30:25
SK Telecom T1
27
08
Faker

FTFE0705
Fnatic
Team SoloMid
07/05/2015
31:47
Fnatic
15
06
Febiven

ELIM1608
Edward Gaming
LGD Gaming
16/08/2015
41:00
LGD Gaming
18
06
imp

LQIM2308
LGD Gaming
Qiao Gu
23/08/2015
32:31
LGD Gaming
21
02
imp

SKMA2908
SK Telecom T1
KT Rolster
29/08/2015
31:33
SK Telecom T1
15
06
MaRin

PIMY0808
PaiN Gaming
INTZ
08/08/2015
42:55
PaiN Gaming
10
07
Mylon

AHWE2607
ahq e-Sports Club
HongKong Esports
26/07/2015
39:09
ahq e-Sports Club
20
14
westdoor
